# JRE version: OpenJDK Runtime Environment (8.0_112-b06) (build 1.8.0_112-release-b06)
# Java VM: OpenJDK 64-Bit Server VM (25.112-b06 mixed mode linux-amd64 compressed oops)
Heap:
 PSYoungGen      total 444928K, used 119074K [0x00000000e0000000, 0x00000000ffe80000, 0x0000000100000000)
  eden space 367104K, 30% used [0x00000000e0000000,0x00000000e6be24b8,0x00000000f6680000)
  from space 77824K, 11% used [0x00000000fb180000,0x00000000fb9e6558,0x00000000ffd80000)
  to   space 76800K, 0% used [0x00000000f6680000,0x00000000f6680000,0x00000000fb180000)
 ParOldGen       total 181248K, used 51792K [0x00000000a0000000, 0x00000000ab100000, 0x00000000e0000000)
  object space 181248K, 28% used [0x00000000a0000000,0x00000000a3294250,0x00000000ab100000)
 Metaspace       used 74442K, capacity 78252K, committed 78872K, reserved 1118208K
  class space    used 9265K, capacity 9831K, committed 10016K, reserved 1048576K
GC Heap History (10 events):
Event: 4505,819 GC heap before
{Heap before GC invocations=42 (full 6):
 PSYoungGen      total 445952K, used 1094K [0x00000000e0000000, 0x0000000100000000, 0x0000000100000000)
  eden space 367616K, 0% used [0x00000000e0000000,0x00000000e0000000,0x00000000f6700000)
  from space 78336K, 1% used [0x00000000fb380000,0x00000000fb491a10,0x0000000100000000)
  to   space 78336K, 0% used [0x00000000f6700000,0x00000000f6700000,0x00000000fb380000)
 ParOldGen       total 181248K, used 134498K [0x00000000a0000000, 0x00000000ab100000, 0x00000000e0000000)
  object space 181248K, 74% used [0x00000000a0000000,0x00000000a8358938,0x00000000ab100000)
 Metaspace       used 74067K, capacity 77830K, committed 77976K, reserved 1118208K
  class space    used 9269K, capacity 9872K, committed 9888K, reserved 1048576K
Event: 4555,851 GC heap after
Heap after GC invocations=42 (full 6):
 PSYoungGen      total 445952K, used 0K [0x00000000e0000000, 0x0000000100000000, 0x0000000100000000)
  eden space 367616K, 0% used [0x00000000e0000000,0x00000000e0000000,0x00000000f6700000)
  from space 78336K, 0% used [0x00000000fb380000,0x00000000fb380000,0x0000000100000000)
  to   space 78336K, 0% used [0x00000000f6700000,0x00000000f6700000,0x00000000fb380000)
 ParOldGen       total 181248K, used 35397K [0x00000000a0000000, 0x00000000ab100000, 0x00000000e0000000)
  object space 181248K, 19% used [0x00000000a0000000,0x00000000a2291620,0x00000000ab100000)
 Metaspace       used 73253K, capacity 76440K, committed 77976K, reserved 1118208K
  class space    used 9124K, capacity 9613K, committed 9888K, reserved 1048576K
}
Event: 4932,801 GC heap before
{Heap before GC invocations=43 (full 6):
 PSYoungGen      total 445952K, used 367616K [0x00000000e0000000, 0x0000000100000000, 0x0000000100000000)
  eden space 367616K, 100% used [0x00000000e0000000,0x00000000f6700000,0x00000000f6700000)
  from space 78336K, 0% used [0x00000000fb380000,0x00000000fb380000,0x0000000100000000)
  to   space 78336K, 0% used [0x00000000f6700000,0x00000000f6700000,0x00000000fb380000)
 ParOldGen       total 181248K, used 35397K [0x00000000a0000000, 0x00000000ab100000, 0x00000000e0000000)
  object space 181248K, 19% used [0x00000000a0000000,0x00000000a2291620,0x00000000ab100000)
 Metaspace       used 73810K, capacity 77300K, committed 78232K, reserved 1118208K
  class space    used 9208K, capacity 9751K, committed 9888K, reserved 1048576K
Event: 4946,677 GC heap after
Heap after GC invocations=43 (full 6):
 PSYoungGen      total 415744K, used 47619K [0x00000000e0000000, 0x0000000100000000, 0x0000000100000000)
  eden space 367616K, 0% used [0x00000000e0000000,0x00000000e0000000,0x00000000f6700000)
  from space 48128K, 98% used [0x00000000f6700000,0x00000000f9580ea8,0x00000000f9600000)
  to   space 80896K, 0% used [0x00000000fb100000,0x00000000fb100000,0x0000000100000000)
 ParOldGen       total 181248K, used 35405K [0x00000000a0000000, 0x00000000ab100000, 0x00000000e0000000)
  object space 181248K, 19% used [0x00000000a0000000,0x00000000a2293620,0x00000000ab100000)
 Metaspace       used 73810K, capacity 77300K, committed 78232K, reserved 1118208K
  class space    used 9208K, capacity 9751K, committed 9888K, reserved 1048576K
}
Event: 4954,326 GC heap before
{Heap before GC invocations=44 (full 6):
 PSYoungGen      total 415744K, used 415013K [0x00000000e0000000, 0x0000000100000000, 0x0000000100000000)
  eden space 367616K, 99% used [0x00000000e0000000,0x00000000f66c8700,0x00000000f6700000)
  from space 48128K, 98% used [0x00000000f6700000,0x00000000f9580ea8,0x00000000f9600000)
  to   space 80896K, 0% used [0x00000000fb100000,0x00000000fb100000,0x0000000100000000)
 ParOldGen       total 181248K, used 35405K [0x00000000a0000000, 0x00000000ab100000, 0x00000000e0000000)
  object space 181248K, 19% used [0x00000000a0000000,0x00000000a2293620,0x00000000ab100000)
 Metaspace       used 73829K, capacity 77364K, committed 78232K, reserved 1118208K
  class space    used 9208K, capacity 9751K, committed 9888K, reserved 1048576K
Event: 4963,072 GC heap after
Heap after GC invocations=44 (full 6):
 PSYoungGen      total 446976K, used 20789K [0x00000000e0000000, 0x0000000100000000, 0x0000000100000000)
  eden space 366080K, 0% used [0x00000000e0000000,0x00000000e0000000,0x00000000f6580000)
  from space 80896K, 25% used [0x00000000fb100000,0x00000000fc54d4a8,0x0000000100000000)
  to   space 77312K, 0% used [0x00000000f6580000,0x00000000f6580000,0x00000000fb100000)
 ParOldGen       total 181248K, used 46776K [0x00000000a0000000, 0x00000000ab100000, 0x00000000e0000000)
  object space 181248K, 25% used [0x00000000a0000000,0x00000000a2dae2e8,0x00000000ab100000)
 Metaspace       used 73829K, capacity 77364K, committed 78232K, reserved 1118208K
  class space    used 9208K, capacity 9751K, committed 9888K, reserved 1048576K
}
Event: 5478,550 GC heap before
{Heap before GC invocations=45 (full 6):
 PSYoungGen      total 446976K, used 386869K [0x00000000e0000000, 0x0000000100000000, 0x0000000100000000)
  eden space 366080K, 100% used [0x00000000e0000000,0x00000000f6580000,0x00000000f6580000)
  from space 80896K, 25% used [0x00000000fb100000,0x00000000fc54d4a8,0x0000000100000000)
  to   space 77312K, 0% used [0x00000000f6580000,0x00000000f6580000,0x00000000fb100000)
 ParOldGen       total 181248K, used 46776K [0x00000000a0000000, 0x00000000ab100000, 0x00000000e0000000)
  object space 181248K, 25% used [0x00000000a0000000,0x00000000a2dae2e8,0x00000000ab100000)
 Metaspace       used 74065K, capacity 77810K, committed 78488K, reserved 1118208K
  class space    used 9236K, capacity 9796K, committed 9888K, reserved 1048576K
Event: 5486,563 GC heap after
Heap after GC invocations=45 (full 6):
 PSYoungGen      total 443392K, used 43135K [0x00000000e0000000, 0x00000000ffd80000, 0x0000000100000000)
  eden space 366080K, 0% used [0x00000000e0000000,0x00000000e0000000,0x00000000f6580000)
  from space 77312K, 55% used [0x00000000f6580000,0x00000000f8f9fee0,0x00000000fb100000)
  to   space 77824K, 0% used [0x00000000fb180000,0x00000000fb180000,0x00000000ffd80000)
 ParOldGen       total 181248K, used 46832K [0x00000000a0000000, 0x00000000ab100000, 0x00000000e0000000)
  object space 181248K, 25% used [0x00000000a0000000,0x00000000a2dbc2e8,0x00000000ab100000)
 Metaspace       used 74065K, capacity 77810K, committed 78488K, reserved 1118208K
  class space    used 9236K, capacity 9796K, committed 9888K, reserved 1048576K
}
Event: 6504,782 GC heap before
{Heap before GC invocations=46 (full 6):
 PSYoungGen      total 443392K, used 409215K [0x00000000e0000000, 0x00000000ffd80000, 0x0000000100000000)
  eden space 366080K, 100% used [0x00000000e0000000,0x00000000f6580000,0x00000000f6580000)
  from space 77312K, 55% used [0x00000000f6580000,0x00000000f8f9fee0,0x00000000fb100000)
  to   space 77824K, 0% used [0x00000000fb180000,0x00000000fb180000,0x00000000ffd80000)
 ParOldGen       total 181248K, used 46832K [0x00000000a0000000, 0x00000000ab100000, 0x00000000e0000000)
  object space 181248K, 25% used [0x00000000a0000000,0x00000000a2dbc2e8,0x00000000ab100000)
 Metaspace       used 74095K, capacity 77840K, committed 78488K, reserved 1118208K
  class space    used 9239K, capacity 9801K, committed 9888K, reserved 1048576K
Event: 6526,179 GC heap after
Heap after GC invocations=46 (full 6):
 PSYoungGen      total 444928K, used 8601K [0x00000000e0000000, 0x00000000ffe80000, 0x0000000100000000)
  eden space 367104K, 0% used [0x00000000e0000000,0x00000000e0000000,0x00000000f6680000)
  from space 77824K, 11% used [0x00000000fb180000,0x00000000fb9e6558,0x00000000ffd80000)
  to   space 76800K, 0% used [0x00000000f6680000,0x00000000f6680000,0x00000000fb180000)
 ParOldGen       total 181248K, used 51792K [0x00000000a0000000, 0x00000000ab100000, 0x00000000e0000000)
  object space 181248K, 28% used [0x00000000a0000000,0x00000000a3294250,0x00000000ab100000)
 Metaspace       used 74095K, capacity 77840K, committed 78488K, reserved 1118208K
  class space    used 9239K, capacity 9801K, committed 9888K, reserved 1048576K
}

